[debug] [2021-12-08T22:55:11.118Z] ----------------------------------------------------------------------
[debug] [2021-12-08T22:55:11.120Z] Command:       D:\nodejs\node.exe C:\Users\Himanshu\AppData\Roaming\npm\node_modules\firebase-tools\lib\bin\firebase.js init
[debug] [2021-12-08T22:55:11.120Z] CLI Version:   9.23.1
[debug] [2021-12-08T22:55:11.120Z] Platform:      win32
[debug] [2021-12-08T22:55:11.120Z] Node Version:  v14.15.0
[debug] [2021-12-08T22:55:11.121Z] Time:          Thu Dec 09 2021 04:25:11 GMT+0530 (India Standard Time)
[debug] [2021-12-08T22:55:11.121Z] ----------------------------------------------------------------------
[debug] 
[debug] [2021-12-08T22:55:11.127Z] > command requires scopes: ["email","openid","https://www.googleapis.com/auth/cloudplatformprojects.readonly","https://www.googleapis.com/auth/firebase","https://www.googleapis.com/auth/cloud-platform"]
[debug] [2021-12-08T22:55:11.127Z] > authorizing via signed-in user (hg7143007@gmail.com)
[info] 
     ######## #### ########  ######## ########     ###     ######  ########
     ##        ##  ##     ## ##       ##     ##  ##   ##  ##       ##
     ######    ##  ########  ######   ########  #########  ######  ######
     ##        ##  ##    ##  ##       ##     ## ##     ##       ## ##
     ##       #### ##     ## ######## ########  ##     ##  ######  ########

You're about to initialize a Firebase project in this directory:

  D:\ReactProject\netflixfake

[info] 
=== Project Setup
[info] 
[info] First, let's associate this project directory with a Firebase project.
[info] You can create multiple project aliases by running firebase use --add, 
[info] but for now we'll just set up a default project.
[info] 
[debug] [2021-12-08T22:55:58.613Z] >>> [apiv2][query] GET https://firebase.googleapis.com/v1beta1/projects pageSize=100
[debug] [2021-12-08T22:55:59.713Z] <<< [apiv2][status] GET https://firebase.googleapis.com/v1beta1/projects 200
[debug] [2021-12-08T22:55:59.713Z] <<< [apiv2][body] GET https://firebase.googleapis.com/v1beta1/projects [omitted]
[info] i  Using project netflixfirstcopy (NetflixfirstCopy) 
[info] 
=== Hosting Setup
[info] 
[info] Your public directory is the folder (relative to your project directory) that
[info] will contain Hosting assets to be uploaded with firebase deploy. If you
[info] have a build process for your assets, use your build's output directory.
[info] 
[debug] [2021-12-08T22:58:39.190Z] >>> [apiv2][query] GET https://www.gstatic.com/firebasejs/releases.json [none]
[debug] [2021-12-08T22:58:39.342Z] <<< [apiv2][status] GET https://www.gstatic.com/firebasejs/releases.json 200
[debug] [2021-12-08T22:58:39.342Z] <<< [apiv2][body] GET https://www.gstatic.com/firebasejs/releases.json {"current":{"version":"9.6.0","browserURL":"https://www.gstatic.com/firebasejs/9.6.0/firebase.js","packageURL":"https://www.gstatic.com/firebasejs/9.6.0/firebase.tgz"},"live":{"version":"9.6","browserURL":"https://www.gstatic.com/firebasejs/live/9.6/firebase.js","packageURL":"https://www.gstatic.com/firebasejs/live/9.6/firebase.tgz"},"components":{"analytics":"https://www.gstatic.com/firebasejs/9.6.0/firebase-analytics.js","app":"https://www.gstatic.com/firebasejs/9.6.0/firebase-app.js","app-check":"https://www.gstatic.com/firebasejs/9.6.0/firebase-app-check.js","auth":"https://www.gstatic.com/firebasejs/9.6.0/firebase-auth.js","auth/cordova":"https://www.gstatic.com/firebasejs/9.6.0/firebase-auth/cordova.js","auth/react-native":"https://www.gstatic.com/firebasejs/9.6.0/firebase-auth/react-native.js","functions":"https://www.gstatic.com/firebasejs/9.6.0/firebase-functions.js","firestore":"https://www.gstatic.com/firebasejs/9.6.0/firebase-firestore.js","firestore/lite":"https://www.gstatic.com/firebasejs/9.6.0/firebase-firestore/lite.js","storage":"https://www.gstatic.com/firebasejs/9.6.0/firebase-storage.js","performance":"https://www.gstatic.com/firebasejs/9.6.0/firebase-performance.js","remote-config":"https://www.gstatic.com/firebasejs/9.6.0/firebase-remote-config.js","messaging":"https://www.gstatic.com/firebasejs/9.6.0/firebase-messaging.js","messaging/sw":"https://www.gstatic.com/firebasejs/9.6.0/firebase-messaging/sw.js","database":"https://www.gstatic.com/firebasejs/9.6.0/firebase-database.js","firestore.memory":"https://www.gstatic.com/firebasejs/9.6.0/firebase-firestore.memory.js"}}
[info] +  Wrote build/index.html 
[info] 
[info] i  Detected a .git folder at D:\ReactProject\netflixfake 
[info] i  Authorizing with GitHub to upload your service account to a GitHub repository's secrets store. 
[info] 
[info] Visit this URL on this device to log in:
[info] https://github.com/login/oauth/authorize?client_id=89cf50f02ac6aaed3484&state=252549013&redirect_uri=http%3A%2F%2Flocalhost%3A9005&scope=read%3Auser%20repo%20public_repo
[info] 
[info] Waiting for authentication...
[debug] [2021-12-08T22:58:57.258Z] >>> HTTP REQUEST POST https://github.com/login/oauth/access_token  
 {"client_id":"89cf50f02ac6aaed3484","client_secret":"3330d14abc895d9a74d5f17cd7a00711fa2c5bf0","code":"360b14fb7e276a9396b0","redirect_uri":"http://localhost:9005","state":"252549013"}
[debug] [2021-12-08T22:58:57.541Z] <<< HTTP RESPONSE 200 {"server":"GitHub.com","date":"Wed, 08 Dec 2021 22:58:56 GMT","content-type":"application/json; charset=utf-8","transfer-encoding":"chunked","vary":"X-PJAX, X-PJAX-Container, Accept-Encoding, Accept, X-Requested-With","permissions-policy":"interest-cohort=()","etag":"W/\"2d23811309fc0245d8c94cd55498dabf\"","cache-control":"max-age=0, private, must-revalidate","strict-transport-security":"max-age=31536000; includeSubdomains; preload","x-frame-options":"deny","x-content-type-options":"nosniff","x-xss-protection":"0","referrer-policy":"origin-when-cross-origin, strict-origin-when-cross-origin","expect-ct":"max-age=2592000, report-uri=\"https://api.github.com/_private/browser/errors\"","content-security-policy":"default-src 'none'; base-uri 'self'; block-all-mixed-content; child-src github.com/assets-cdn/worker/ gist.github.com/assets-cdn/worker/; connect-src 'self' uploads.github.com objects-origin.githubusercontent.com www.githubstatus.com collector.githubapp.com api.github.com github-cloud.s3.amazonaws.com github-production-repository-file-5c1aeb.s3.amazonaws.com github-production-upload-manifest-file-7fdce7.s3.amazonaws.com github-production-user-asset-6210df.s3.amazonaws.com cdn.optimizely.com logx.optimizely.com/v1/events translator.github.com wss://alive.github.com; font-src github.githubassets.com; form-action 'self' github.com gist.github.com objects-origin.githubusercontent.com; frame-ancestors 'none'; frame-src render.githubusercontent.com viewscreen.githubusercontent.com notebooks.githubusercontent.com; img-src 'self' data: github.githubassets.com identicons.github.com collector.githubapp.com github-cloud.s3.amazonaws.com secured-user-images.githubusercontent.com/ *.githubusercontent.com; manifest-src 'self'; media-src github.com user-images.githubusercontent.com/; script-src github.githubassets.com; style-src 'unsafe-inline' github.githubassets.com; worker-src github.com/assets-cdn/worker/ gist.github.com/assets-cdn/worker/","x-github-request-id":"C945:13C3:CFCAD9:E653DE:61B138B0"}
[debug] [2021-12-08T22:58:57.551Z] >>> [apiv2][query] GET https://api.github.com/user [none]
[debug] [2021-12-08T22:58:57.859Z] <<< [apiv2][status] GET https://api.github.com/user 200
[debug] [2021-12-08T22:58:57.859Z] <<< [apiv2][body] GET https://api.github.com/user {"login":"GuptaHimanshu01","id":57289040,"node_id":"MDQ6VXNlcjU3Mjg5MDQw","avatar_url":"https://avatars.githubusercontent.com/u/57289040?v=4","gravatar_id":"","url":"https://api.github.com/users/GuptaHimanshu01","html_url":"https://github.com/GuptaHimanshu01","followers_url":"https://api.github.com/users/GuptaHimanshu01/followers","following_url":"https://api.github.com/users/GuptaHimanshu01/following{/other_user}","gists_url":"https://api.github.com/users/GuptaHimanshu01/gists{/gist_id}","starred_url":"https://api.github.com/users/GuptaHimanshu01/starred{/owner}{/repo}","subscriptions_url":"https://api.github.com/users/GuptaHimanshu01/subscriptions","organizations_url":"https://api.github.com/users/GuptaHimanshu01/orgs","repos_url":"https://api.github.com/users/GuptaHimanshu01/repos","events_url":"https://api.github.com/users/GuptaHimanshu01/events{/privacy}","received_events_url":"https://api.github.com/users/GuptaHimanshu01/received_events","type":"User","site_admin":false,"name":null,"company":null,"blog":"","location":null,"email":null,"hireable":null,"bio":null,"twitter_username":null,"public_repos":2,"public_gists":0,"followers":1,"following":11,"created_at":"2019-11-02T11:50:16Z","updated_at":"2021-12-07T16:42:53Z","private_gists":0,"total_private_repos":3,"owned_private_repos":3,"disk_usage":2140,"collaborators":0,"two_factor_authentication":false,"plan":{"name":"pro","space":976562499,"collaborators":0,"private_repos":9999}}
[info] 
[info] +  Success! Logged into GitHub as GuptaHimanshu01 
[info] 
[debug] [2021-12-08T22:59:24.683Z] >>> [apiv2][query] GET https://api.github.com/repos/none/actions/secrets/public-key type=owner
[debug] [2021-12-08T22:59:24.932Z] <<< [apiv2][status] GET https://api.github.com/repos/none/actions/secrets/public-key 404
[debug] [2021-12-08T22:59:24.933Z] <<< [apiv2][body] GET https://api.github.com/repos/none/actions/secrets/public-key {"message":"Not Found","documentation_url":"https://docs.github.com/rest"}
[debug] [2021-12-08T23:00:01.829Z] >>> [apiv2][query] GET https://api.github.com/repos/react/actions/secrets/public-key type=owner
[debug] [2021-12-08T23:00:02.110Z] <<< [apiv2][status] GET https://api.github.com/repos/react/actions/secrets/public-key 404
[debug] [2021-12-08T23:00:02.110Z] <<< [apiv2][body] GET https://api.github.com/repos/react/actions/secrets/public-key {"message":"Not Found","documentation_url":"https://docs.github.com/rest"}
[debug] [2021-12-08T23:00:04.983Z] >>> [apiv2][query] GET https://api.github.com/repos/none/actions/secrets/public-key type=owner
[debug] [2021-12-08T23:00:05.268Z] <<< [apiv2][status] GET https://api.github.com/repos/none/actions/secrets/public-key 404
[debug] [2021-12-08T23:00:05.268Z] <<< [apiv2][body] GET https://api.github.com/repos/none/actions/secrets/public-key {"message":"Not Found","documentation_url":"https://docs.github.com/rest"}
[debug] [2021-12-08T23:00:41.581Z] ----------------------------------------------------------------------
[debug] [2021-12-08T23:00:41.583Z] Command:       D:\nodejs\node.exe C:\Users\Himanshu\AppData\Roaming\npm\node_modules\firebase-tools\lib\bin\firebase.js init
[debug] [2021-12-08T23:00:41.583Z] CLI Version:   9.23.1
[debug] [2021-12-08T23:00:41.583Z] Platform:      win32
[debug] [2021-12-08T23:00:41.583Z] Node Version:  v14.15.0
[debug] [2021-12-08T23:00:41.584Z] Time:          Thu Dec 09 2021 04:30:41 GMT+0530 (India Standard Time)
[debug] [2021-12-08T23:00:41.584Z] ----------------------------------------------------------------------
[debug] 
[debug] [2021-12-08T23:00:41.591Z] > command requires scopes: ["email","openid","https://www.googleapis.com/auth/cloudplatformprojects.readonly","https://www.googleapis.com/auth/firebase","https://www.googleapis.com/auth/cloud-platform"]
[debug] [2021-12-08T23:00:41.591Z] > authorizing via signed-in user (hg7143007@gmail.com)
[info] 
     ######## #### ########  ######## ########     ###     ######  ########
     ##        ##  ##     ## ##       ##     ##  ##   ##  ##       ##
     ######    ##  ########  ######   ########  #########  ######  ######
     ##        ##  ##    ##  ##       ##     ## ##     ##       ## ##
     ##       #### ##     ## ######## ########  ##     ##  ######  ########

You're about to initialize a Firebase project in this directory:

  D:\ReactProject\netflixfake

[info] 
=== Project Setup
[info] 
[info] First, let's associate this project directory with a Firebase project.
[info] You can create multiple project aliases by running firebase use --add, 
[info] but for now we'll just set up a default project.
[info] 
[debug] [2021-12-08T23:00:52.598Z] >>> [apiv2][query] GET https://firebase.googleapis.com/v1beta1/projects pageSize=100
[debug] [2021-12-08T23:00:53.277Z] <<< [apiv2][status] GET https://firebase.googleapis.com/v1beta1/projects 200
[debug] [2021-12-08T23:00:53.277Z] <<< [apiv2][body] GET https://firebase.googleapis.com/v1beta1/projects [omitted]
[info] i  Using project netflixfirstcopy (NetflixfirstCopy) 
[info] 
=== Hosting Setup
[info] 
[info] Your public directory is the folder (relative to your project directory) that
[info] will contain Hosting assets to be uploaded with firebase deploy. If you
[info] have a build process for your assets, use your build's output directory.
[info] 
